<?xml version="1.0" encoding="UTF-8"?>
<!-- Generated by org.testng.reporters.JUnitXMLReporter -->
<testsuite hostname="DESKTOP-D2D2KE2" ignored="0" name="demo02" tests="4" failures="0" timestamp="16 三月 2021 07:34:38 GMT" time="0.022" errors="0">
  <testcase name="paramTest001" time="0.005" classname="autotest.testcase.TestDemo02"/>
  <testcase name="paramTest001" time="0.0" classname="autotest.testcase.TestDemo02"/>
  <testcase name="test001" time="0.0" classname="autotest.testcase.TestDemo02"/>
  <testcase name="test002" time="0.0" classname="autotest.testcase.TestDemo02"/>
</testsuite> <!-- demo02 -->
