<?xml version="1.0" encoding="UTF-8"?>
<testng-results skipped="0" failed="0" ignored="0" total="6" passed="6">
  <reporter-output>
  </reporter-output>
  <suite name="test" duration-ms="61" started-at="2021-03-16T07:34:38Z" finished-at="2021-03-16T07:34:38Z">
    <groups>
    </groups>
    <test name="demo02" duration-ms="22" started-at="2021-03-16T07:34:38Z" finished-at="2021-03-16T07:34:38Z">
      <class name="autotest.testcase.TestDemo02">
        <test-method status="PASS" signature="paramTest001(java.lang.String, int)[pri:0, instance:autotest.testcase.TestDemo02@75bd9247]" name="paramTest001" duration-ms="5" started-at="2021-03-16T15:34:38Z" data-provider="dbData" finished-at="2021-03-16T15:34:38Z">
          <params>
            <param index="0">
              <value>
                <![CDATA[zhangsan]]>
              </value>
            </param>
            <param index="1">
              <value>
                <![CDATA[18]]>
              </value>
            </param>
          </params>
          <reporter-output>
          </reporter-output>
        </test-method> <!-- paramTest001 -->
        <test-method status="PASS" signature="paramTest001(java.lang.String, int)[pri:0, instance:autotest.testcase.TestDemo02@75bd9247]" name="paramTest001" duration-ms="0" started-at="2021-03-16T15:34:38Z" data-provider="dbData" finished-at="2021-03-16T15:34:38Z">
          <params>
            <param index="0">
              <value>
                <![CDATA[lisi]]>
              </value>
            </param>
            <param index="1">
              <value>
                <![CDATA[16]]>
              </value>
            </param>
          </params>
          <reporter-output>
          </reporter-output>
        </test-method> <!-- paramTest001 -->
        <test-method status="PASS" signature="test001()[pri:0, instance:autotest.testcase.TestDemo02@75bd9247]" name="test001" duration-ms="0" started-at="2021-03-16T15:34:38Z" finished-at="2021-03-16T15:34:38Z">
          <reporter-output>
          </reporter-output>
        </test-method> <!-- test001 -->
        <test-method status="PASS" signature="test002()[pri:0, instance:autotest.testcase.TestDemo02@75bd9247]" name="test002" duration-ms="0" started-at="2021-03-16T15:34:38Z" depends-on-methods="autotest.testcase.TestDemo02.test001" finished-at="2021-03-16T15:34:38Z">
          <reporter-output>
          </reporter-output>
        </test-method> <!-- test002 -->
      </class> <!-- autotest.testcase.TestDemo02 -->
    </test> <!-- demo02 -->
    <test name="demo01" duration-ms="2" started-at="2021-03-16T07:34:38Z" finished-at="2021-03-16T07:34:38Z">
      <class name="autotest.testcase.TestDemo01">
        <test-method status="PASS" signature="test1()[pri:0, instance:autotest.testcase.TestDemo01@3ac3fd8b]" name="test1" duration-ms="0" started-at="2021-03-16T15:34:38Z" finished-at="2021-03-16T15:34:38Z">
          <reporter-output>
          </reporter-output>
        </test-method> <!-- test1 -->
        <test-method status="PASS" signature="test2()[pri:0, instance:autotest.testcase.TestDemo01@3ac3fd8b]" name="test2" duration-ms="1" started-at="2021-03-16T15:34:38Z" depends-on-methods="autotest.testcase.TestDemo01.test1" finished-at="2021-03-16T15:34:38Z">
          <reporter-output>
          </reporter-output>
        </test-method> <!-- test2 -->
      </class> <!-- autotest.testcase.TestDemo01 -->
    </test> <!-- demo01 -->
  </suite> <!-- test -->
</testng-results>
